Build started 12/18/2015 11:14:35 PM.
     1>Project "C:\Users\Ryan\Documents\Visual Studio 2013\Projects\Project_1\Project_1\Project_1.vcxproj" on node 2 (Build target(s)).
     1>C:\Program Files (x86)\MSBuild\Microsoft.Cpp\v4.0\V120\Microsoft.CppBuild.targets(388,5): warning MSB8028: The intermediate directory (Debug\) contains files shared from another project (Project_1.vcxproj).  This can lead to incorrect clean and rebuild behavior.
     1>ClCompile:
         C:\Program Files (x86)\Microsoft Visual Studio 12.0\VC\bin\CL.exe /c /ZI /nologo /W3 /WX- /sdl /Od /Oy- /D WIN32 /D _DEBUG /D _CONSOLE /D _LIB /D _UNICODE /D UNICODE /Gm /EHsc /RTC1 /MDd /GS /fp:precise /Zc:wchar_t /Zc:forScope /Fo"Debug\\" /Fd"Debug\vc120.pdb" /Gd /TP /analyze- /errorReport:prompt Direction.cpp OutInfo.cpp Placeship.cpp Player.cpp Point.cpp Possib.cpp Ship.cpp main.cpp
         Possib.cpp
         Generating Code...
         Compiling...
         main.cpp
     1>c:\users\ryan\documents\visual studio 2013\projects\project_1\project_1\main.cpp(24): warning C4309: 'initializing' : truncation of constant value
     1>c:\users\ryan\documents\visual studio 2013\projects\project_1\project_1\main.cpp(374): warning C4101: 'fail' : unreferenced local variable
         Generating Code...
         Skipping... (no relevant changes detected)
         Ship.cpp
         Point.cpp
         Player.cpp
         Placeship.cpp
         OutInfo.cpp
         Direction.cpp
       Link:
         C:\Program Files (x86)\Microsoft Visual Studio 12.0\VC\bin\link.exe /ERRORREPORT:PROMPT /OUT:"C:\Users\Ryan\Documents\Visual Studio 2013\Projects\Project_1\Debug\Project_2.exe" /INCREMENTAL /NOLOGO kernel32.lib user32.lib gdi32.lib winspool.lib comdlg32.lib advapi32.lib shell32.lib ole32.lib oleaut32.lib uuid.lib odbc32.lib odbccp32.lib /MANIFEST /MANIFESTUAC:"level='asInvoker' uiAccess='false'" /manifest:embed /DEBUG /PDB:"C:\Users\Ryan\Documents\Visual Studio 2013\Projects\Project_1\Debug\Project_2.pdb" /SUBSYSTEM:CONSOLE /TLBID:1 /DYNAMICBASE /NXCOMPAT /IMPLIB:"C:\Users\Ryan\Documents\Visual Studio 2013\Projects\Project_1\Debug\Project_2.lib" /MACHINE:X86 Debug\Direction.obj
         Debug\main.obj
         Debug\OutInfo.obj
         Debug\Possib.obj
         Debug\Point.obj
         Debug\Ship.obj
         Debug\Placeship.obj
         Debug\Player.obj
         Project_1.vcxproj -> C:\Users\Ryan\Documents\Visual Studio 2013\Projects\Project_1\Debug\Project_2.exe
     1>Done Building Project "C:\Users\Ryan\Documents\Visual Studio 2013\Projects\Project_1\Project_1\Project_1.vcxproj" (Build target(s)).

Build succeeded.

Time Elapsed 00:00:03.73
