Build started 12/1/2015 10:35:37 PM.
     1>Project "c:\Users\Ryan\documents\visual studio 2013\Projects\CH15_4\CH15_4\CH15_4.vcxproj" on node 2 (Build target(s)).
     1>ClCompile:
         C:\Program Files (x86)\Microsoft Visual Studio 12.0\VC\bin\CL.exe /c /ZI /nologo /W3 /WX- /sdl /Od /Oy- /D WIN32 /D _DEBUG /D _CONSOLE /D _LIB /D _UNICODE /D UNICODE /Gm /EHsc /RTC1 /MDd /GS /fp:precise /Zc:wchar_t /Zc:forScope /Fo"Debug\\" /Fd"Debug\vc120.pdb" /Gd /TP /analyze- /errorReport:prompt "..\..\..\..\..\Desktop\SourceCode\chapter 15\DateTime.cpp" "..\..\..\..\..\Desktop\SourceCode\chapter 15\main.cpp" MilTime.cpp
         MilTime.cpp
     1>c:\users\ryan\documents\visual studio 2013\projects\ch15_4\ch15_4\miltime.h(14): error C2146: syntax error : missing ';' before identifier 'getStandHr'
     1>c:\users\ryan\documents\visual studio 2013\projects\ch15_4\ch15_4\miltime.h(14): error C4430: missing type specifier - int assumed. Note: C++ does not support default-int
     1>c:\users\ryan\documents\visual studio 2013\projects\ch15_4\ch15_4\miltime.h(14): warning C4183: 'getStandHr': missing return type; assumed to be a member function returning 'int'
     1>c:\users\ryan\documents\visual studio 2013\projects\ch15_4\ch15_4\miltime.cpp(29): error C2556: 'std::string MilTime::getStandHr(void) const' : overloaded function differs only by return type from 'int MilTime::getStandHr(void) const'
                 c:\users\ryan\documents\visual studio 2013\projects\ch15_4\ch15_4\miltime.h(14) : see declaration of 'MilTime::getStandHr'
     1>c:\users\ryan\documents\visual studio 2013\projects\ch15_4\ch15_4\miltime.cpp(29): error C2371: 'MilTime::getStandHr' : redefinition; different basic types
                 c:\users\ryan\documents\visual studio 2013\projects\ch15_4\ch15_4\miltime.h(14) : see declaration of 'MilTime::getStandHr'
         main.cpp
     1>c1xx : fatal error C1083: Cannot open source file: '..\..\..\..\..\Desktop\SourceCode\chapter 15\main.cpp': No such file or directory
         DateTime.cpp
     1>c1xx : fatal error C1083: Cannot open source file: '..\..\..\..\..\Desktop\SourceCode\chapter 15\DateTime.cpp': No such file or directory
         Generating Code...
     1>Done Building Project "c:\Users\Ryan\documents\visual studio 2013\Projects\CH15_4\CH15_4\CH15_4.vcxproj" (Build target(s)) -- FAILED.

Build FAILED.

Time Elapsed 00:00:01.82
